
  You can now view your Streamlit app in your browser.

  Local URL: http://localhost:8509
  Network URL: http://192.168.10.34:8509

2025-04-11 11:00:25,145 - run_app - INFO - Starting analysis_flow.py with Streamlit...
2025-04-11 11:00:25,146 - run_app - INFO - Running command: /Users/sf/Desktop/FlashDnaProject/venv/bin/python -m streamlit run analysis_flow.py --server.address=0.0.0.0 --server.port=8502

  You can now view your Streamlit app in your browser.

  URL: http://0.0.0.0:8502

2025-04-11 11:00:31,490 - pattern_detector - INFO - Successfully validated 24 pattern definitions
2025-04-11 11:00:32,066 - root - INFO - Using XGBoost implementation version 1.7.3
2025-04-11 11:00:32,137 - ai_pdf_patch - INFO - Applying AI-enhanced PDF generation compatibility patch
2025-04-11 11:00:32,322 - ai_pdf_patch - INFO - Successfully imported AI-enhanced PDF generator
2025-04-11 11:00:32,322 - ai_pdf_patch - INFO - Added AI-enhanced PDF generation functions to builtins
2025-04-11 11:00:32,335 - pdf_generator - INFO - Successfully imported PDF generation functions from unified_pdf_generator
2025-04-11 11:00:32,335 - ai_pdf_patch - INFO - Successfully patched report_generator with AI-enhanced functions
2025-04-11 11:00:32,335 - ai_pdf_patch - INFO - Successfully patched pdf_generator with AI-enhanced functions
2025-04-11 11:00:32,337 - ai_pdf_patch - INFO - Successfully patched enhanced_pdf_generator with AI-enhanced functions
2025-04-11 11:00:32,338 - ai_pdf_patch - INFO - Successfully patched emergency_pdf_generator with AI-enhanced functions
2025-04-11 11:00:32,338 - ai_pdf_patch - INFO - Successfully patched unified_pdf_generator with AI-enhanced functions
2025-04-11 11:00:32,339 - global_pdf_functions - INFO - Attempting to import from unified_pdf_generator
2025-04-11 11:00:32,339 - global_pdf_functions - INFO - Successfully imported from unified_pdf_generator
2025-04-11 11:00:32,339 - global_pdf_functions - INFO - Global PDF functions module initialized
2025-04-11 11:00:32,339 - ai_pdf_patch - INFO - Successfully patched global_pdf_functions
2025-04-11 11:00:32,340 - ai_pdf_patch - INFO - AI-enhanced PDF generation compatibility patch applied successfully
2025-04-11 11:00:32,340 - ai_pdf_patch - INFO - Applying AI-enhanced PDF generation compatibility patch
2025-04-11 11:00:32,340 - ai_pdf_patch - INFO - Successfully imported AI-enhanced PDF generator
2025-04-11 11:00:32,340 - ai_pdf_patch - INFO - Added AI-enhanced PDF generation functions to builtins
2025-04-11 11:00:32,340 - ai_pdf_patch - INFO - Successfully patched report_generator with AI-enhanced functions
2025-04-11 11:00:32,340 - ai_pdf_patch - INFO - Successfully patched pdf_generator with AI-enhanced functions
2025-04-11 11:00:32,340 - ai_pdf_patch - INFO - Successfully patched enhanced_pdf_generator with AI-enhanced functions
2025-04-11 11:00:32,340 - ai_pdf_patch - INFO - Successfully patched emergency_pdf_generator with AI-enhanced functions
2025-04-11 11:00:32,340 - ai_pdf_patch - INFO - Successfully patched unified_pdf_generator with AI-enhanced functions
2025-04-11 11:00:32,340 - ai_pdf_patch - INFO - Successfully patched global_pdf_functions
2025-04-11 11:00:32,340 - ai_pdf_patch - INFO - AI-enhanced PDF generation compatibility patch applied successfully
2025-04-11 11:00:32,341 - global_pdf_functions - INFO - Attempting to import from unified_pdf_generator
2025-04-11 11:00:32,341 - global_pdf_functions - INFO - Successfully imported from unified_pdf_generator
2025-04-11 11:00:32,341 - global_pdf_functions - INFO - Global PDF functions module initialized
2025-04-11 11:00:32,341 - analysis_flow - INFO - Successfully imported patched PDF functions via global_pdf_functions.
2025-04-11 11:00:32,423 - analysis_flow - INFO - Main loop: analyze_clicked=False, analyzed=False
2025-04-11 11:00:32,423 - analysis_flow - INFO - Displaying Welcome Screen
2025-04-11 11:00:38,640 - ai_pdf_patch - INFO - Applying AI-enhanced PDF generation compatibility patch
2025-04-11 11:00:38,640 - ai_pdf_patch - INFO - Successfully imported AI-enhanced PDF generator
2025-04-11 11:00:38,641 - ai_pdf_patch - INFO - Added AI-enhanced PDF generation functions to builtins
2025-04-11 11:00:38,641 - ai_pdf_patch - INFO - Successfully patched report_generator with AI-enhanced functions
2025-04-11 11:00:38,641 - ai_pdf_patch - INFO - Successfully patched pdf_generator with AI-enhanced functions
2025-04-11 11:00:38,641 - ai_pdf_patch - INFO - Successfully patched enhanced_pdf_generator with AI-enhanced functions
2025-04-11 11:00:38,641 - ai_pdf_patch - INFO - Successfully patched emergency_pdf_generator with AI-enhanced functions
2025-04-11 11:00:38,641 - ai_pdf_patch - INFO - Successfully patched unified_pdf_generator with AI-enhanced functions
2025-04-11 11:00:38,641 - ai_pdf_patch - INFO - Successfully patched global_pdf_functions
2025-04-11 11:00:38,641 - ai_pdf_patch - INFO - AI-enhanced PDF generation compatibility patch applied successfully
2025-04-11 11:00:38,642 - global_pdf_functions - INFO - Attempting to import from unified_pdf_generator
2025-04-11 11:00:38,642 - global_pdf_functions - INFO - Successfully imported from unified_pdf_generator
2025-04-11 11:00:38,642 - global_pdf_functions - INFO - Global PDF functions module initialized
2025-04-11 11:00:38,642 - analysis_flow - INFO - Successfully imported patched PDF functions via global_pdf_functions.
2025-04-11 11:00:38,739 - ai_pdf_patch - INFO - Applying AI-enhanced PDF generation compatibility patch
2025-04-11 11:00:38,739 - ai_pdf_patch - INFO - Successfully imported AI-enhanced PDF generator
2025-04-11 11:00:38,739 - ai_pdf_patch - INFO - Added AI-enhanced PDF generation functions to builtins
2025-04-11 11:00:38,740 - ai_pdf_patch - INFO - Successfully patched report_generator with AI-enhanced functions
2025-04-11 11:00:38,740 - ai_pdf_patch - INFO - Successfully patched pdf_generator with AI-enhanced functions
2025-04-11 11:00:38,740 - ai_pdf_patch - INFO - Successfully patched enhanced_pdf_generator with AI-enhanced functions
2025-04-11 11:00:38,740 - ai_pdf_patch - INFO - Successfully patched emergency_pdf_generator with AI-enhanced functions
2025-04-11 11:00:38,740 - ai_pdf_patch - INFO - Successfully patched unified_pdf_generator with AI-enhanced functions
2025-04-11 11:00:38,740 - ai_pdf_patch - INFO - Successfully patched global_pdf_functions
2025-04-11 11:00:38,740 - ai_pdf_patch - INFO - AI-enhanced PDF generation compatibility patch applied successfully
2025-04-11 11:00:38,742 - global_pdf_functions - INFO - Attempting to import from unified_pdf_generator
2025-04-11 11:00:38,742 - global_pdf_functions - INFO - Successfully imported from unified_pdf_generator
2025-04-11 11:00:38,742 - global_pdf_functions - INFO - Global PDF functions module initialized
2025-04-11 11:00:38,742 - analysis_flow - INFO - Successfully imported patched PDF functions via global_pdf_functions.
2025-04-11 11:00:38,751 - analysis_flow - INFO - Main loop: analyze_clicked=True, analyzed=False
2025-04-11 11:00:38,751 - analysis_flow - INFO - Entering analysis execution block
2025-04-11 11:00:38,752 - analysis_flow - INFO - Starting comprehensive CAMP analysis...
2025-04-11 11:00:38,752 - analysis_flow - INFO - Domain expansions completed
2025-04-11 11:00:38,753 - analysis_flow - INFO - Intangible analysis completed
2025-04-11 11:00:38,753 - venture_analytics.team_moat - INFO - Missing required field: name, using default value: Unnamed Startup
2025-04-11 11:00:38,753 - venture_analytics.team_moat - INFO - Missing required field: founder_exits, using default value: 0
2025-04-11 11:00:38,753 - venture_analytics.team_moat - INFO - Missing required field: founder_domain_exp_yrs, using default value: 0
2025-04-11 11:00:38,753 - venture_analytics.team_moat - INFO - Missing required field: employee_count, using default value: 1
2025-04-11 11:00:38,753 - venture_analytics.team_moat - INFO - Missing required field: tech_talent_ratio, using default value: 0.5
2025-04-11 11:00:38,753 - analysis_flow - INFO - Team and moat analysis completed
2025-04-11 11:00:38,754 - analysis_flow - INFO - Attempting to load model from: model_xgb.pkl
2025-04-11 11:00:38,767 - analysis_flow - INFO - Creating model wrapper for compatibility
2025-04-11 11:00:38,767 - analysis_flow - INFO - Model loaded successfully from model_xgb.pkl
2025-04-11 11:00:38,767 - flashdna - INFO - Building feature vector with 63 base metrics
2025-04-11 11:00:38,768 - flashdna - INFO - Applied domain expansions: 15 features
2025-04-11 11:00:38,768 - flashdna - INFO - Special metrics - Intangible: 50.0, Team: 10.0, Moat: 0.0
2025-04-11 11:00:38,768 - flashdna - INFO - Final feature vector length: 81
2025-04-11 11:00:38,768 - analysis_flow - INFO - Feature vector shape: (1, 81)
2025-04-11 11:00:38,772 - analysis_flow - INFO - Model prediction probabilities: [[0.59165823 0.4083418 ]]
2025-04-11 11:00:38,772 - analysis_flow - INFO - Raw success probability: 40.834179520606995
2025-04-11 11:00:38,772 - analysis_flow - INFO - Final success probability: 27.56307117640972
2025-04-11 11:00:38,772 - analysis_flow - INFO - CAMP scores: C:38.0, M:55.0, A:40.0, P:37.65, Total:42.5625
2025-04-11 11:00:38,773 - analysis_flow - INFO - CAMP framework evaluation completed
2025-04-11 11:00:38,773 - analysis_flow - INFO - System dynamics simulation completed
2025-04-11 11:00:38,774 - analysis_flow - ERROR - Scenario => 'function' object has no attribute 'remote'
2025-04-11 11:00:38,774 - analysis_flow - INFO - Scenario optimization completed
2025-04-11 11:00:38,775 - analysis_flow - INFO - Financial modeling completed
2025-04-11 11:00:38,777 - analysis_flow - INFO - Clustering analysis completed
2025-04-11 11:00:38,871 - analysis_flow - INFO - DNA Analysis completed
2025-04-11 11:00:38,871 - monte_carlo - INFO - Starting enterprise Monte Carlo simulation with 1000 iterations over 60 periods
2025-04-11 11:00:38,871 - monte_carlo - INFO - Parallelizing with 10 batches across 9 workers (batch size: 111)
2025-04-11 11:00:42.787 WARNING streamlit.runtime.scriptrunner_utils.script_run_context: Thread 'MainThread': missing ScriptRunContext! This warning can be ignored when running in bare mode.
2025-04-11 11:00:42.790 WARNING streamlit.runtime.scriptrunner_utils.script_run_context: Thread 'MainThread': missing ScriptRunContext! This warning can be ignored when running in bare mode.
2025-04-11 11:00:42.795 WARNING streamlit.runtime.scriptrunner_utils.script_run_context: Thread 'MainThread': missing ScriptRunContext! This warning can be ignored when running in bare mode.
2025-04-11 11:00:42.801 WARNING streamlit.runtime.scriptrunner_utils.script_run_context: Thread 'MainThread': missing ScriptRunContext! This warning can be ignored when running in bare mode.
2025-04-11 11:00:42.801 WARNING streamlit.runtime.scriptrunner_utils.script_run_context: Thread 'MainThread': missing ScriptRunContext! This warning can be ignored when running in bare mode.
2025-04-11 11:00:42.803 WARNING streamlit.runtime.scriptrunner_utils.script_run_context: Thread 'MainThread': missing ScriptRunContext! This warning can be ignored when running in bare mode.
2025-04-11 11:00:42.805 WARNING streamlit.runtime.scriptrunner_utils.script_run_context: Thread 'MainThread': missing ScriptRunContext! This warning can be ignored when running in bare mode.
2025-04-11 11:00:42.809 WARNING streamlit.runtime.scriptrunner_utils.script_run_context: Thread 'MainThread': missing ScriptRunContext! This warning can be ignored when running in bare mode.
2025-04-11 11:00:42.810 WARNING streamlit.runtime.scriptrunner_utils.script_run_context: Thread 'MainThread': missing ScriptRunContext! This warning can be ignored when running in bare mode.
2025-04-11 11:00:45,397 - pattern_detector - INFO - Successfully validated 24 pattern definitions
2025-04-11 11:00:45,397 - pattern_detector - INFO - Successfully validated 24 pattern definitions
2025-04-11 11:00:45,397 - pattern_detector - INFO - Successfully validated 24 pattern definitions
2025-04-11 11:00:45,397 - pattern_detector - INFO - Successfully validated 24 pattern definitions
2025-04-11 11:00:45,397 - pattern_detector - INFO - Successfully validated 24 pattern definitions
2025-04-11 11:00:45,397 - pattern_detector - INFO - Successfully validated 24 pattern definitions
2025-04-11 11:00:45,397 - pattern_detector - INFO - Successfully validated 24 pattern definitions
2025-04-11 11:00:45,397 - pattern_detector - INFO - Successfully validated 24 pattern definitions
2025-04-11 11:00:45,397 - pattern_detector - INFO - Successfully validated 24 pattern definitions
2025-04-11 11:00:46,119 - root - INFO - Using XGBoost implementation version 1.7.3
2025-04-11 11:00:46,120 - root - INFO - Using XGBoost implementation version 1.7.3
2025-04-11 11:00:46,121 - root - INFO - Using XGBoost implementation version 1.7.3
2025-04-11 11:00:46,121 - root - INFO - Using XGBoost implementation version 1.7.3
2025-04-11 11:00:46,121 - root - INFO - Using XGBoost implementation version 1.7.3
2025-04-11 11:00:46,121 - root - INFO - Using XGBoost implementation version 1.7.3
2025-04-11 11:00:46,121 - root - INFO - Using XGBoost implementation version 1.7.3
2025-04-11 11:00:46,121 - root - INFO - Using XGBoost implementation version 1.7.3
2025-04-11 11:00:46,123 - root - INFO - Using XGBoost implementation version 1.7.3
2025-04-11 11:00:46,204 - ai_pdf_patch - INFO - Applying AI-enhanced PDF generation compatibility patch
2025-04-11 11:00:46,205 - ai_pdf_patch - INFO - Applying AI-enhanced PDF generation compatibility patch
2025-04-11 11:00:46,205 - ai_pdf_patch - INFO - Applying AI-enhanced PDF generation compatibility patch
2025-04-11 11:00:46,206 - ai_pdf_patch - INFO - Applying AI-enhanced PDF generation compatibility patch
2025-04-11 11:00:46,206 - ai_pdf_patch - INFO - Applying AI-enhanced PDF generation compatibility patch
2025-04-11 11:00:46,208 - ai_pdf_patch - INFO - Applying AI-enhanced PDF generation compatibility patch
2025-04-11 11:00:46,209 - ai_pdf_patch - INFO - Applying AI-enhanced PDF generation compatibility patch
2025-04-11 11:00:46,209 - ai_pdf_patch - INFO - Applying AI-enhanced PDF generation compatibility patch
2025-04-11 11:00:46,209 - ai_pdf_patch - INFO - Applying AI-enhanced PDF generation compatibility patch
2025-04-11 11:00:46,452 - ai_pdf_patch - INFO - Successfully imported AI-enhanced PDF generator
2025-04-11 11:00:46,452 - ai_pdf_patch - INFO - Successfully imported AI-enhanced PDF generator
2025-04-11 11:00:46,452 - ai_pdf_patch - INFO - Successfully imported AI-enhanced PDF generator
2025-04-11 11:00:46,452 - ai_pdf_patch - INFO - Added AI-enhanced PDF generation functions to builtins
2025-04-11 11:00:46,452 - ai_pdf_patch - INFO - Added AI-enhanced PDF generation functions to builtins
2025-04-11 11:00:46,452 - ai_pdf_patch - INFO - Successfully imported AI-enhanced PDF generator
2025-04-11 11:00:46,452 - ai_pdf_patch - INFO - Added AI-enhanced PDF generation functions to builtins
2025-04-11 11:00:46,452 - ai_pdf_patch - INFO - Successfully imported AI-enhanced PDF generator
2025-04-11 11:00:46,452 - ai_pdf_patch - INFO - Added AI-enhanced PDF generation functions to builtins
2025-04-11 11:00:46,452 - ai_pdf_patch - INFO - Added AI-enhanced PDF generation functions to builtins
2025-04-11 11:00:46,453 - ai_pdf_patch - INFO - Successfully imported AI-enhanced PDF generator
2025-04-11 11:00:46,453 - ai_pdf_patch - INFO - Added AI-enhanced PDF generation functions to builtins
2025-04-11 11:00:46,455 - ai_pdf_patch - INFO - Successfully imported AI-enhanced PDF generator
2025-04-11 11:00:46,455 - ai_pdf_patch - INFO - Added AI-enhanced PDF generation functions to builtins
2025-04-11 11:00:46,459 - ai_pdf_patch - INFO - Successfully imported AI-enhanced PDF generator
2025-04-11 11:00:46,459 - ai_pdf_patch - INFO - Added AI-enhanced PDF generation functions to builtins
2025-04-11 11:00:46,459 - ai_pdf_patch - INFO - Successfully imported AI-enhanced PDF generator
2025-04-11 11:00:46,459 - ai_pdf_patch - INFO - Added AI-enhanced PDF generation functions to builtins
2025-04-11 11:00:46,467 - pdf_generator - INFO - Successfully imported PDF generation functions from unified_pdf_generator
2025-04-11 11:00:46,467 - pdf_generator - INFO - Successfully imported PDF generation functions from unified_pdf_generator
2025-04-11 11:00:46,467 - pdf_generator - INFO - Successfully imported PDF generation functions from unified_pdf_generator
2025-04-11 11:00:46,467 - pdf_generator - INFO - Successfully imported PDF generation functions from unified_pdf_generator
2025-04-11 11:00:46,467 - pdf_generator - INFO - Successfully imported PDF generation functions from unified_pdf_generator
2025-04-11 11:00:46,467 - pdf_generator - INFO - Successfully imported PDF generation functions from unified_pdf_generator
2025-04-11 11:00:46,467 - pdf_generator - INFO - Successfully imported PDF generation functions from unified_pdf_generator
2025-04-11 11:00:46,467 - ai_pdf_patch - INFO - Successfully patched report_generator with AI-enhanced functions
2025-04-11 11:00:46,467 - ai_pdf_patch - INFO - Successfully patched report_generator with AI-enhanced functions
2025-04-11 11:00:46,467 - ai_pdf_patch - INFO - Successfully patched report_generator with AI-enhanced functions
2025-04-11 11:00:46,467 - ai_pdf_patch - INFO - Successfully patched report_generator with AI-enhanced functions
2025-04-11 11:00:46,467 - ai_pdf_patch - INFO - Successfully patched report_generator with AI-enhanced functions
2025-04-11 11:00:46,468 - ai_pdf_patch - INFO - Successfully patched pdf_generator with AI-enhanced functions
2025-04-11 11:00:46,468 - ai_pdf_patch - INFO - Successfully patched pdf_generator with AI-enhanced functions
2025-04-11 11:00:46,467 - ai_pdf_patch - INFO - Successfully patched report_generator with AI-enhanced functions
2025-04-11 11:00:46,468 - ai_pdf_patch - INFO - Successfully patched pdf_generator with AI-enhanced functions
2025-04-11 11:00:46,468 - ai_pdf_patch - INFO - Successfully patched pdf_generator with AI-enhanced functions
2025-04-11 11:00:46,468 - ai_pdf_patch - INFO - Successfully patched pdf_generator with AI-enhanced functions
2025-04-11 11:00:46,468 - ai_pdf_patch - INFO - Successfully patched pdf_generator with AI-enhanced functions
2025-04-11 11:00:46,468 - ai_pdf_patch - INFO - Successfully patched report_generator with AI-enhanced functions
2025-04-11 11:00:46,468 - ai_pdf_patch - INFO - Successfully patched pdf_generator with AI-enhanced functions
2025-04-11 11:00:46,469 - pdf_generator - INFO - Successfully imported PDF generation functions from unified_pdf_generator
2025-04-11 11:00:46,469 - ai_pdf_patch - INFO - Successfully patched report_generator with AI-enhanced functions
2025-04-11 11:00:46,469 - ai_pdf_patch - INFO - Successfully patched pdf_generator with AI-enhanced functions
2025-04-11 11:00:46,469 - ai_pdf_patch - INFO - Successfully patched enhanced_pdf_generator with AI-enhanced functions
2025-04-11 11:00:46,470 - ai_pdf_patch - INFO - Successfully patched enhanced_pdf_generator with AI-enhanced functions
2025-04-11 11:00:46,470 - pdf_generator - INFO - Successfully imported PDF generation functions from unified_pdf_generator
2025-04-11 11:00:46,470 - ai_pdf_patch - INFO - Successfully patched enhanced_pdf_generator with AI-enhanced functions
2025-04-11 11:00:46,470 - ai_pdf_patch - INFO - Successfully patched enhanced_pdf_generator with AI-enhanced functions
2025-04-11 11:00:46,470 - ai_pdf_patch - INFO - Successfully patched enhanced_pdf_generator with AI-enhanced functions
2025-04-11 11:00:46,470 - ai_pdf_patch - INFO - Successfully patched enhanced_pdf_generator with AI-enhanced functions
2025-04-11 11:00:46,470 - ai_pdf_patch - INFO - Successfully patched enhanced_pdf_generator with AI-enhanced functions
2025-04-11 11:00:46,470 - ai_pdf_patch - INFO - Successfully patched report_generator with AI-enhanced functions
2025-04-11 11:00:46,470 - ai_pdf_patch - INFO - Successfully patched pdf_generator with AI-enhanced functions
2025-04-11 11:00:46,471 - ai_pdf_patch - INFO - Successfully patched emergency_pdf_generator with AI-enhanced functions
2025-04-11 11:00:46,471 - ai_pdf_patch - INFO - Successfully patched emergency_pdf_generator with AI-enhanced functions
2025-04-11 11:00:46,471 - ai_pdf_patch - INFO - Successfully patched unified_pdf_generator with AI-enhanced functions
2025-04-11 11:00:46,471 - ai_pdf_patch - INFO - Successfully patched emergency_pdf_generator with AI-enhanced functions
2025-04-11 11:00:46,471 - ai_pdf_patch - INFO - Successfully patched emergency_pdf_generator with AI-enhanced functions
2025-04-11 11:00:46,471 - ai_pdf_patch - INFO - Successfully patched enhanced_pdf_generator with AI-enhanced functions
2025-04-11 11:00:46,471 - ai_pdf_patch - INFO - Successfully patched emergency_pdf_generator with AI-enhanced functions
2025-04-11 11:00:46,471 - ai_pdf_patch - INFO - Successfully patched unified_pdf_generator with AI-enhanced functions
2025-04-11 11:00:46,471 - ai_pdf_patch - INFO - Successfully patched emergency_pdf_generator with AI-enhanced functions
2025-04-11 11:00:46,471 - ai_pdf_patch - INFO - Successfully patched emergency_pdf_generator with AI-enhanced functions
2025-04-11 11:00:46,471 - ai_pdf_patch - INFO - Successfully patched unified_pdf_generator with AI-enhanced functions
2025-04-11 11:00:46,471 - ai_pdf_patch - INFO - Successfully patched unified_pdf_generator with AI-enhanced functions
2025-04-11 11:00:46,471 - ai_pdf_patch - INFO - Successfully patched unified_pdf_generator with AI-enhanced functions
2025-04-11 11:00:46,471 - ai_pdf_patch - INFO - Successfully patched unified_pdf_generator with AI-enhanced functions
2025-04-11 11:00:46,471 - ai_pdf_patch - INFO - Successfully patched unified_pdf_generator with AI-enhanced functions
2025-04-11 11:00:46,471 - ai_pdf_patch - INFO - Successfully patched enhanced_pdf_generator with AI-enhanced functions
2025-04-11 11:00:46,472 - ai_pdf_patch - INFO - Successfully patched emergency_pdf_generator with AI-enhanced functions
2025-04-11 11:00:46,472 - global_pdf_functions - INFO - Attempting to import from unified_pdf_generator
2025-04-11 11:00:46,472 - global_pdf_functions - INFO - Successfully imported from unified_pdf_generator
2025-04-11 11:00:46,472 - global_pdf_functions - INFO - Attempting to import from unified_pdf_generator
2025-04-11 11:00:46,472 - global_pdf_functions - INFO - Global PDF functions module initialized
2025-04-11 11:00:46,472 - global_pdf_functions - INFO - Attempting to import from unified_pdf_generator
2025-04-11 11:00:46,472 - ai_pdf_patch - INFO - Successfully patched unified_pdf_generator with AI-enhanced functions
2025-04-11 11:00:46,472 - global_pdf_functions - INFO - Successfully imported from unified_pdf_generator
2025-04-11 11:00:46,472 - global_pdf_functions - INFO - Attempting to import from unified_pdf_generator
2025-04-11 11:00:46,472 - global_pdf_functions - INFO - Global PDF functions module initialized
2025-04-11 11:00:46,472 - global_pdf_functions - INFO - Successfully imported from unified_pdf_generator
2025-04-11 11:00:46,472 - global_pdf_functions - INFO - Attempting to import from unified_pdf_generator
2025-04-11 11:00:46,472 - ai_pdf_patch - INFO - Successfully patched global_pdf_functions
2025-04-11 11:00:46,472 - global_pdf_functions - INFO - Successfully imported from unified_pdf_generator
2025-04-11 11:00:46,472 - global_pdf_functions - INFO - Attempting to import from unified_pdf_generator
2025-04-11 11:00:46,472 - ai_pdf_patch - INFO - Successfully patched global_pdf_functions
2025-04-11 11:00:46,472 - ai_pdf_patch - INFO - AI-enhanced PDF generation compatibility patch applied successfully
2025-04-11 11:00:46,472 - global_pdf_functions - INFO - Global PDF functions module initialized
2025-04-11 11:00:46,472 - global_pdf_functions - INFO - Successfully imported from unified_pdf_generator
2025-04-11 11:00:46,472 - ai_pdf_patch - INFO - AI-enhanced PDF generation compatibility patch applied successfully
2025-04-11 11:00:46,472 - global_pdf_functions - INFO - Global PDF functions module initialized
2025-04-11 11:00:46,472 - ai_pdf_patch - INFO - Applying AI-enhanced PDF generation compatibility patch
2025-04-11 11:00:46,472 - global_pdf_functions - INFO - Successfully imported from unified_pdf_generator
2025-04-11 11:00:46,473 - ai_pdf_patch - INFO - Applying AI-enhanced PDF generation compatibility patch
2025-04-11 11:00:46,473 - ai_pdf_patch - INFO - Successfully imported AI-enhanced PDF generator
2025-04-11 11:00:46,473 - global_pdf_functions - INFO - Global PDF functions module initialized
2025-04-11 11:00:46,473 - ai_pdf_patch - INFO - Successfully patched global_pdf_functions
2025-04-11 11:00:46,473 - global_pdf_functions - INFO - Global PDF functions module initialized
2025-04-11 11:00:46,473 - ai_pdf_patch - INFO - Added AI-enhanced PDF generation functions to builtins
2025-04-11 11:00:46,473 - ai_pdf_patch - INFO - Successfully patched global_pdf_functions
2025-04-11 11:00:46,472 - global_pdf_functions - INFO - Attempting to import from unified_pdf_generator
2025-04-11 11:00:46,473 - ai_pdf_patch - INFO - AI-enhanced PDF generation compatibility patch applied successfully
2025-04-11 11:00:46,473 - ai_pdf_patch - INFO - Successfully patched global_pdf_functions
2025-04-11 11:00:46,473 - global_pdf_functions - INFO - Successfully imported from unified_pdf_generator
2025-04-11 11:00:46,473 - ai_pdf_patch - INFO - Successfully patched global_pdf_functions
2025-04-11 11:00:46,473 - ai_pdf_patch - INFO - Successfully patched report_generator with AI-enhanced functions
2025-04-11 11:00:46,473 - ai_pdf_patch - INFO - AI-enhanced PDF generation compatibility patch applied successfully
2025-04-11 11:00:46,473 - ai_pdf_patch - INFO - Applying AI-enhanced PDF generation compatibility patch
2025-04-11 11:00:46,473 - ai_pdf_patch - INFO - Successfully patched pdf_generator with AI-enhanced functions
2025-04-11 11:00:46,473 - global_pdf_functions - INFO - Global PDF functions module initialized
2025-04-11 11:00:46,473 - ai_pdf_patch - INFO - AI-enhanced PDF generation compatibility patch applied successfully
2025-04-11 11:00:46,473 - ai_pdf_patch - INFO - Applying AI-enhanced PDF generation compatibility patch
2025-04-11 11:00:46,473 - ai_pdf_patch - INFO - Successfully imported AI-enhanced PDF generator
2025-04-11 11:00:46,473 - ai_pdf_patch - INFO - AI-enhanced PDF generation compatibility patch applied successfully
2025-04-11 11:00:46,473 - ai_pdf_patch - INFO - Successfully patched emergency_pdf_generator with AI-enhanced functions
2025-04-11 11:00:46,473 - ai_pdf_patch - INFO - Successfully imported AI-enhanced PDF generator
2025-04-11 11:00:46,473 - ai_pdf_patch - INFO - Successfully patched enhanced_pdf_generator with AI-enhanced functions
2025-04-11 11:00:46,473 - ai_pdf_patch - INFO - Successfully imported AI-enhanced PDF generator
2025-04-11 11:00:46,473 - ai_pdf_patch - INFO - Applying AI-enhanced PDF generation compatibility patch
2025-04-11 11:00:46,473 - ai_pdf_patch - INFO - Successfully patched global_pdf_functions
2025-04-11 11:00:46,473 - ai_pdf_patch - INFO - Successfully patched emergency_pdf_generator with AI-enhanced functions
2025-04-11 11:00:46,473 - ai_pdf_patch - INFO - Successfully patched unified_pdf_generator with AI-enhanced functions
2025-04-11 11:00:46,473 - ai_pdf_patch - INFO - Added AI-enhanced PDF generation functions to builtins
2025-04-11 11:00:46,473 - ai_pdf_patch - INFO - Successfully patched unified_pdf_generator with AI-enhanced functions
2025-04-11 11:00:46,473 - ai_pdf_patch - INFO - Successfully imported AI-enhanced PDF generator
2025-04-11 11:00:46,473 - ai_pdf_patch - INFO - AI-enhanced PDF generation compatibility patch applied successfully
2025-04-11 11:00:46,473 - ai_pdf_patch - INFO - Successfully patched report_generator with AI-enhanced functions
2025-04-11 11:00:46,473 - ai_pdf_patch - INFO - Added AI-enhanced PDF generation functions to builtins
2025-04-11 11:00:46,473 - ai_pdf_patch - INFO - Successfully patched global_pdf_functions
2025-04-11 11:00:46,473 - ai_pdf_patch - INFO - Added AI-enhanced PDF generation functions to builtins
2025-04-11 11:00:46,473 - ai_pdf_patch - INFO - Added AI-enhanced PDF generation functions to builtins
2025-04-11 11:00:46,473 - ai_pdf_patch - INFO - Applying AI-enhanced PDF generation compatibility patch
2025-04-11 11:00:46,473 - ai_pdf_patch - INFO - Successfully patched pdf_generator with AI-enhanced functions
2025-04-11 11:00:46,473 - ai_pdf_patch - INFO - Successfully patched report_generator with AI-enhanced functions
2025-04-11 11:00:46,473 - ai_pdf_patch - INFO - AI-enhanced PDF generation compatibility patch applied successfully
2025-04-11 11:00:46,473 - ai_pdf_patch - INFO - Successfully imported AI-enhanced PDF generator
2025-04-11 11:00:46,473 - ai_pdf_patch - INFO - Successfully patched pdf_generator with AI-enhanced functions
2025-04-11 11:00:46,473 - ai_pdf_patch - INFO - Applying AI-enhanced PDF generation compatibility patch
2025-04-11 11:00:46,473 - ai_pdf_patch - INFO - Successfully patched enhanced_pdf_generator with AI-enhanced functions
2025-04-11 11:00:46,473 - ai_pdf_patch - INFO - Successfully imported AI-enhanced PDF generator
2025-04-11 11:00:46,473 - ai_pdf_patch - INFO - Successfully patched report_generator with AI-enhanced functions
2025-04-11 11:00:46,473 - ai_pdf_patch - INFO - Successfully patched emergency_pdf_generator with AI-enhanced functions
2025-04-11 11:00:46,473 - ai_pdf_patch - INFO - Successfully patched report_generator with AI-enhanced functions
2025-04-11 11:00:46,473 - ai_pdf_patch - INFO - Added AI-enhanced PDF generation functions to builtins
2025-04-11 11:00:46,473 - ai_pdf_patch - INFO - Successfully patched unified_pdf_generator with AI-enhanced functions
2025-04-11 11:00:46,473 - ai_pdf_patch - INFO - Successfully patched pdf_generator with AI-enhanced functions
2025-04-11 11:00:46,473 - ai_pdf_patch - INFO - Successfully patched report_generator with AI-enhanced functions
2025-04-11 11:00:46,473 - ai_pdf_patch - INFO - Successfully patched global_pdf_functions
2025-04-11 11:00:46,473 - ai_pdf_patch - INFO - Successfully patched enhanced_pdf_generator with AI-enhanced functions
2025-04-11 11:00:46,473 - ai_pdf_patch - INFO - AI-enhanced PDF generation compatibility patch applied successfully
2025-04-11 11:00:46,473 - ai_pdf_patch - INFO - Successfully patched pdf_generator with AI-enhanced functions
2025-04-11 11:00:46,474 - ai_pdf_patch - INFO - Successfully patched emergency_pdf_generator with AI-enhanced functions
2025-04-11 11:00:46,474 - global_pdf_functions - INFO - Attempting to import from unified_pdf_generator
2025-04-11 11:00:46,474 - ai_pdf_patch - INFO - Successfully patched enhanced_pdf_generator with AI-enhanced functions
2025-04-11 11:00:46,474 - ai_pdf_patch - INFO - Successfully patched unified_pdf_generator with AI-enhanced functions
2025-04-11 11:00:46,474 - global_pdf_functions - INFO - Successfully imported from unified_pdf_generator
2025-04-11 11:00:46,474 - ai_pdf_patch - INFO - Successfully patched global_pdf_functions
2025-04-11 11:00:46,474 - global_pdf_functions - INFO - Global PDF functions module initialized
2025-04-11 11:00:46,474 - ai_pdf_patch - INFO - AI-enhanced PDF generation compatibility patch applied successfully
2025-04-11 11:00:46,474 - ai_pdf_patch - INFO - Successfully patched global_pdf_functions
2025-04-11 11:00:46,474 - ai_pdf_patch - INFO - AI-enhanced PDF generation compatibility patch applied successfully
2025-04-11 11:00:46,474 - ai_pdf_patch - INFO - Successfully patched emergency_pdf_generator with AI-enhanced functions
2025-04-11 11:00:46,473 - ai_pdf_patch - INFO - Successfully patched pdf_generator with AI-enhanced functions
2025-04-11 11:00:46,474 - ai_pdf_patch - INFO - Applying AI-enhanced PDF generation compatibility patch
2025-04-11 11:00:46,474 - ai_pdf_patch - INFO - Added AI-enhanced PDF generation functions to builtins
2025-04-11 11:00:46,474 - ai_pdf_patch - INFO - Successfully imported AI-enhanced PDF generator
2025-04-11 11:00:46,474 - ai_pdf_patch - INFO - Successfully patched enhanced_pdf_generator with AI-enhanced functions
2025-04-11 11:00:46,474 - ai_pdf_patch - INFO - Successfully patched unified_pdf_generator with AI-enhanced functions
2025-04-11 11:00:46,474 - ai_pdf_patch - INFO - Successfully patched emergency_pdf_generator with AI-enhanced functions
2025-04-11 11:00:46,474 - ai_pdf_patch - INFO - Successfully patched global_pdf_functions
2025-04-11 11:00:46,474 - ai_pdf_patch - INFO - Successfully patched enhanced_pdf_generator with AI-enhanced functions
2025-04-11 11:00:46,474 - ai_pdf_patch - INFO - Added AI-enhanced PDF generation functions to builtins
2025-04-11 11:00:46,474 - ai_pdf_patch - INFO - Successfully patched unified_pdf_generator with AI-enhanced functions
2025-04-11 11:00:46,474 - ai_pdf_patch - INFO - AI-enhanced PDF generation compatibility patch applied successfully
2025-04-11 11:00:46,474 - ai_pdf_patch - INFO - Successfully patched report_generator with AI-enhanced functions
2025-04-11 11:00:46,474 - ai_pdf_patch - INFO - Successfully patched emergency_pdf_generator with AI-enhanced functions
2025-04-11 11:00:46,474 - ai_pdf_patch - INFO - Successfully patched global_pdf_functions
2025-04-11 11:00:46,474 - ai_pdf_patch - INFO - Successfully patched report_generator with AI-enhanced functions
2025-04-11 11:00:46,474 - ai_pdf_patch - INFO - Successfully patched pdf_generator with AI-enhanced functions
2025-04-11 11:00:46,474 - ai_pdf_patch - INFO - AI-enhanced PDF generation compatibility patch applied successfully
2025-04-11 11:00:46,474 - ai_pdf_patch - INFO - Successfully patched unified_pdf_generator with AI-enhanced functions
2025-04-11 11:00:46,474 - ai_pdf_patch - INFO - Successfully patched pdf_generator with AI-enhanced functions
2025-04-11 11:00:46,475 - ai_pdf_patch - INFO - Successfully patched global_pdf_functions
2025-04-11 11:00:46,474 - ai_pdf_patch - INFO - Successfully patched enhanced_pdf_generator with AI-enhanced functions
2025-04-11 11:00:46,475 - ai_pdf_patch - INFO - AI-enhanced PDF generation compatibility patch applied successfully
2025-04-11 11:00:46,475 - global_pdf_functions - INFO - Attempting to import from unified_pdf_generator
2025-04-11 11:00:46,475 - ai_pdf_patch - INFO - Successfully patched enhanced_pdf_generator with AI-enhanced functions
2025-04-11 11:00:46,475 - global_pdf_functions - INFO - Successfully imported from unified_pdf_generator
2025-04-11 11:00:46,475 - ai_pdf_patch - INFO - Successfully patched emergency_pdf_generator with AI-enhanced functions
2025-04-11 11:00:46,475 - ai_pdf_patch - INFO - Successfully patched emergency_pdf_generator with AI-enhanced functions
2025-04-11 11:00:46,475 - global_pdf_functions - INFO - Global PDF functions module initialized
2025-04-11 11:00:46,475 - ai_pdf_patch - INFO - Successfully patched unified_pdf_generator with AI-enhanced functions
2025-04-11 11:00:46,475 - ai_pdf_patch - INFO - Successfully patched unified_pdf_generator with AI-enhanced functions
2025-04-11 11:00:46,475 - ai_pdf_patch - INFO - Successfully patched global_pdf_functions
2025-04-11 11:00:46,475 - analysis_flow - INFO - Successfully imported patched PDF functions via global_pdf_functions.
2025-04-11 11:00:46,475 - ai_pdf_patch - INFO - Successfully patched global_pdf_functions
2025-04-11 11:00:46,475 - ai_pdf_patch - INFO - AI-enhanced PDF generation compatibility patch applied successfully
2025-04-11 11:00:46,475 - ai_pdf_patch - INFO - AI-enhanced PDF generation compatibility patch applied successfully
2025-04-11 11:00:46,475 - global_pdf_functions - INFO - Attempting to import from unified_pdf_generator
2025-04-11 11:00:46,475 - global_pdf_functions - INFO - Attempting to import from unified_pdf_generator
2025-04-11 11:00:46,475 - global_pdf_functions - INFO - Attempting to import from unified_pdf_generator
2025-04-11 11:00:46,475 - global_pdf_functions - INFO - Successfully imported from unified_pdf_generator
2025-04-11 11:00:46,475 - global_pdf_functions - INFO - Successfully imported from unified_pdf_generator
2025-04-11 11:00:46,475 - global_pdf_functions - INFO - Global PDF functions module initialized
2025-04-11 11:00:46,475 - global_pdf_functions - INFO - Successfully imported from unified_pdf_generator
2025-04-11 11:00:46,475 - global_pdf_functions - INFO - Global PDF functions module initialized
2025-04-11 11:00:46,475 - analysis_flow - INFO - Successfully imported patched PDF functions via global_pdf_functions.
2025-04-11 11:00:46,475 - global_pdf_functions - INFO - Global PDF functions module initialized
2025-04-11 11:00:46,475 - analysis_flow - INFO - Successfully imported patched PDF functions via global_pdf_functions.
2025-04-11 11:00:46,476 - global_pdf_functions - INFO - Attempting to import from unified_pdf_generator
2025-04-11 11:00:46,476 - ai_pdf_patch - INFO - Successfully patched global_pdf_functions
2025-04-11 11:00:46,476 - ai_pdf_patch - INFO - AI-enhanced PDF generation compatibility patch applied successfully
2025-04-11 11:00:46,476 - global_pdf_functions - INFO - Attempting to import from unified_pdf_generator
2025-04-11 11:00:46,476 - ai_pdf_patch - INFO - Applying AI-enhanced PDF generation compatibility patch
2025-04-11 11:00:46,476 - global_pdf_functions - INFO - Successfully imported from unified_pdf_generator
2025-04-11 11:00:46,476 - global_pdf_functions - INFO - Successfully imported from unified_pdf_generator
2025-04-11 11:00:46,476 - ai_pdf_patch - INFO - Successfully imported AI-enhanced PDF generator
2025-04-11 11:00:46,476 - ai_pdf_patch - INFO - Added AI-enhanced PDF generation functions to builtins
2025-04-11 11:00:46,476 - global_pdf_functions - INFO - Global PDF functions module initialized
2025-04-11 11:00:46,476 - global_pdf_functions - INFO - Global PDF functions module initialized
2025-04-11 11:00:46,476 - global_pdf_functions - INFO - Attempting to import from unified_pdf_generator
2025-04-11 11:00:46,476 - ai_pdf_patch - INFO - Successfully patched report_generator with AI-enhanced functions
2025-04-11 11:00:46,476 - analysis_flow - INFO - Successfully imported patched PDF functions via global_pdf_functions.
2025-04-11 11:00:46,476 - global_pdf_functions - INFO - Successfully imported from unified_pdf_generator
2025-04-11 11:00:46,476 - analysis_flow - INFO - Successfully imported patched PDF functions via global_pdf_functions.
2025-04-11 11:00:46,476 - ai_pdf_patch - INFO - Successfully patched pdf_generator with AI-enhanced functions
2025-04-11 11:00:46,476 - global_pdf_functions - INFO - Global PDF functions module initialized
2025-04-11 11:00:46,476 - ai_pdf_patch - INFO - Successfully patched enhanced_pdf_generator with AI-enhanced functions
2025-04-11 11:00:46,476 - analysis_flow - INFO - Successfully imported patched PDF functions via global_pdf_functions.
2025-04-11 11:00:46,476 - ai_pdf_patch - INFO - Successfully patched emergency_pdf_generator with AI-enhanced functions
2025-04-11 11:00:46,476 - ai_pdf_patch - INFO - Successfully patched unified_pdf_generator with AI-enhanced functions
2025-04-11 11:00:46,476 - global_pdf_functions - INFO - Attempting to import from unified_pdf_generator
2025-04-11 11:00:46,477 - ai_pdf_patch - INFO - Successfully patched global_pdf_functions
2025-04-11 11:00:46,477 - global_pdf_functions - INFO - Attempting to import from unified_pdf_generator
2025-04-11 11:00:46,477 - global_pdf_functions - INFO - Successfully imported from unified_pdf_generator
2025-04-11 11:00:46,477 - ai_pdf_patch - INFO - AI-enhanced PDF generation compatibility patch applied successfully
2025-04-11 11:00:46,477 - global_pdf_functions - INFO - Global PDF functions module initialized
2025-04-11 11:00:46,477 - global_pdf_functions - INFO - Successfully imported from unified_pdf_generator
2025-04-11 11:00:46,477 - analysis_flow - INFO - Successfully imported patched PDF functions via global_pdf_functions.
2025-04-11 11:00:46,477 - global_pdf_functions - INFO - Global PDF functions module initialized
2025-04-11 11:00:46,477 - analysis_flow - INFO - Successfully imported patched PDF functions via global_pdf_functions.
2025-04-11 11:00:46,478 - global_pdf_functions - INFO - Attempting to import from unified_pdf_generator
2025-04-11 11:00:46,478 - global_pdf_functions - INFO - Successfully imported from unified_pdf_generator
2025-04-11 11:00:46,478 - global_pdf_functions - INFO - Global PDF functions module initialized
2025-04-11 11:00:46,478 - analysis_flow - INFO - Successfully imported patched PDF functions via global_pdf_functions.
2025-04-11 11:00:46,604 - monte_carlo - INFO - Progress: 10.0% (1/10 batches)
2025-04-11 11:00:46,607 - monte_carlo - INFO - Progress: 20.0% (2/10 batches)
2025-04-11 11:00:46,608 - monte_carlo - INFO - Progress: 30.0% (3/10 batches)
2025-04-11 11:00:46,609 - monte_carlo - INFO - Progress: 40.0% (4/10 batches)
2025-04-11 11:00:46,610 - monte_carlo - INFO - Progress: 50.0% (5/10 batches)
2025-04-11 11:00:46,612 - monte_carlo - INFO - Progress: 60.0% (6/10 batches)
2025-04-11 11:00:46,613 - monte_carlo - INFO - Progress: 70.0% (7/10 batches)
2025-04-11 11:00:46,615 - monte_carlo - INFO - Progress: 80.0% (8/10 batches)
2025-04-11 11:00:46,616 - monte_carlo - INFO - Progress: 90.0% (9/10 batches)
2025-04-11 11:00:46,617 - monte_carlo - INFO - Progress: 100.0% (10/10 batches)
2025-04-11 11:00:47,780 - monte_carlo - INFO - Completed parallel simulation with 10 batches
2025-04-11 11:00:51,335 - monte_carlo - INFO - Monte Carlo simulation completed in 12.46 seconds. Survival probability: 0.00, Median runway: 6.0 months
2025-04-11 11:00:51,337 - analysis_flow - INFO - Monte Carlo simulation completed
2025-04-11 11:00:51,338 - pmf_analyzer - INFO - ProductMarketFitAnalyzer initialized with weights: {'Retention': 0.35, 'Engagement': 0.25, 'Growth': 0.2, 'NPS': 0.1, 'Qualitative': 0.1}
2025-04-11 11:00:51,338 - pmf_analyzer - INFO - Starting PMF analysis for Unnamed Startup
2025-04-11 11:00:51,338 - pmf_analyzer - INFO - PMF analysis complete. Score: 53.6, Stage: early-PMF
2025-04-11 11:00:51,338 - pattern_detector - INFO - No patterns matched, adding fallback patterns
2025-04-11 11:00:51,338 - pattern_detector - INFO - Detected 2 patterns in 0.00s
2025-04-11 11:00:51,339 - analysis_flow - INFO - Pattern detection completed
2025-04-11 11:00:51,339 - analysis_flow - INFO - Pitch sentiment analysis completed
2025-04-11 11:00:51,340 - tech_due_diligence.knowledge_base - INFO - Initialized technology knowledge base with 32 technology entries
2025-04-11 11:00:51,340 - tech_due_diligence - INFO - Initialized EnterpriseGradeTechnicalDueDiligence system v3.0.0
2025-04-11 11:00:51,341 - analysis_flow - ERROR - TechDD => industry_benchmark_position must be one of: Bottom 25%, Average, Top 25%, Top 10%, Below average
2025-04-11 11:00:51,341 - analysis_flow - INFO - Created emergency fallback tech_assessment with valid values
2025-04-11 11:00:51,341 - analysis_flow - INFO - Technical assessment completed
2025-04-11 11:00:51,341 - cohort_analysis - INFO - CohortAnalyzer initialized with config: {}
/Users/sf/Desktop/FlashDnaProject/cohort_analysis.py:1120: FutureWarning:

'M' is deprecated and will be removed in a future version, please use 'ME' instead.

2025-04-11 11:00:52,391 - analysis_flow - INFO - No user acquisition or transaction data available, using synthetic cohort data
2025-04-11 11:00:52,391 - analysis_flow - INFO - Cohort and network analysis completed
2025-04-11 11:00:52,393 - exit_path - ERROR - Error in exit path analysis: cannot convert float infinity to integer
2025-04-11 11:00:52,393 - exit_path - ERROR - Error in exit path analysis: cannot convert float infinity to integer
2025-04-11 11:00:52,393 - analysis_flow - INFO - Acquisition and exit analysis completed
2025-04-11 11:00:52,393 - benchmarking - WARNING - No API key provided for benchmark data. Using default benchmarks only.
2025-04-11 11:00:52,393 - benchmarking - INFO - BenchmarkEngine initialized with data for 4 sectors
2025-04-11 11:00:52,393 - benchmarking - INFO - API integration: Enabled
2025-04-11 11:00:52,394 - benchmarking - INFO - Benchmarking startup in saas sector at pre-seed stage
2025-04-11 11:00:52,394 - benchmarking - INFO - Using default benchmark data for saas/pre-seed
2025-04-11 11:00:52,395 - benchmarking - INFO - Successfully completed benchmarking for saas startup at pre-seed stage
2025-04-11 11:00:52,395 - pattern_detector - INFO - No patterns matched, adding fallback patterns
2025-04-11 11:00:52,395 - pattern_detector - INFO - Detected 2 patterns in 0.00s
2025-04-11 11:00:52,395 - analysis_flow - INFO - All analyses completed successfully
2025-04-11 11:00:52,901 - analysis_flow - INFO - Analysis completed in 14.15 seconds
2025-04-11 11:00:52,903 - analysis_flow - INFO - Analysis complete, key metrics: capital_score=38.0, market_score=55.0, advantage_score=40.0, people_score=37.65, camp_score=42.5625, success_prob=27.56307117640972
2025-04-11 11:00:52,903 - analysis_flow - INFO - Analysis successful, setting analyzed=True
2025-04-11 11:00:53,033 - ai_pdf_patch - INFO - Applying AI-enhanced PDF generation compatibility patch
2025-04-11 11:00:53,033 - ai_pdf_patch - INFO - Successfully imported AI-enhanced PDF generator
2025-04-11 11:00:53,033 - ai_pdf_patch - INFO - Added AI-enhanced PDF generation functions to builtins
2025-04-11 11:00:53,033 - ai_pdf_patch - INFO - Successfully patched report_generator with AI-enhanced functions
2025-04-11 11:00:53,033 - ai_pdf_patch - INFO - Successfully patched pdf_generator with AI-enhanced functions
2025-04-11 11:00:53,033 - ai_pdf_patch - INFO - Successfully patched enhanced_pdf_generator with AI-enhanced functions
2025-04-11 11:00:53,033 - ai_pdf_patch - INFO - Successfully patched emergency_pdf_generator with AI-enhanced functions
2025-04-11 11:00:53,033 - ai_pdf_patch - INFO - Successfully patched unified_pdf_generator with AI-enhanced functions
2025-04-11 11:00:53,033 - ai_pdf_patch - INFO - Successfully patched global_pdf_functions
2025-04-11 11:00:53,034 - ai_pdf_patch - INFO - AI-enhanced PDF generation compatibility patch applied successfully
2025-04-11 11:00:53,036 - global_pdf_functions - INFO - Attempting to import from unified_pdf_generator
2025-04-11 11:00:53,036 - global_pdf_functions - INFO - Successfully imported from unified_pdf_generator
2025-04-11 11:00:53,036 - global_pdf_functions - INFO - Global PDF functions module initialized
2025-04-11 11:00:53,036 - analysis_flow - INFO - Successfully imported patched PDF functions via global_pdf_functions.
2025-04-11 11:00:53,045 - analysis_flow - INFO - Main loop: analyze_clicked=True, analyzed=True
2025-04-11 11:00:53,045 - analysis_flow - INFO - Entering results display block
2025-04-11 11:00:53,174 - analysis_flow - WARNING - Could not convert dict to DataFrame for export: All arrays must be of the same length. Exporting as JSON.
2025-04-11 11:00:53,174 - analysis_flow - ERROR - Unsupported file format requested: pdf
2025-04-11 11:00:53,175 - analysis_flow - WARNING - Could not convert dict to DataFrame for export: All arrays must be of the same length. Exporting as JSON.
2025-04-11 11:00:53,183 - analysis_flow - ERROR - JSON export failed: keys must be str, int, float, bool or None, not Period
2025-04-11 11:00:53,187 - analysis_flow - ERROR - Error rendering results tabs: download_button() got an unexpected keyword argument 'mime'
Traceback (most recent call last):
  File "/Users/sf/Desktop/FlashDnaProject/analysis_flow.py", line 2757, in main
    render_summary_tab(st.session_state.doc)
    ~~~~~~~~~~~~~~~~~~^^^^^^^^^^^^^^^^^^^^^^
  File "/Users/sf/Desktop/FlashDnaProject/analysis_flow.py", line 2239, in render_summary_tab
    download_button(
    ~~~~~~~~~~~~~~~^
        "PDF Report",
        ^^^^^^^^^^^^^
    ...<3 lines>...
        style="primary"
        ^^^^^^^^^^^^^^^
    )
    ^
TypeError: download_button() got an unexpected keyword argument 'mime'
